<?xml version="1.0" encoding="UTF-8"?>
<testsuite xmlns:xsi="http://www.w3.org/2001/XMLSchema-instance" xsi:noNamespaceSchemaLocation="https://maven.apache.org/surefire/maven-surefire-plugin/xsd/surefire-test-report-3.0.xsd" version="3.0" name="com.example.messagenotificationmicroservice.MessageNotificationMicroserviceApplicationTests" time="5.027" tests="1" errors="0" skipped="0" failures="0">
  <properties>
    <property name="java.specification.version" value="19"/>
    <property name="sun.cpu.isalist" value="amd64"/>
    <property name="sun.jnu.encoding" value="GBK"/>
    <property name="java.class.path" value="H:\基金直销系统\MessageNotificationMicroservice\target\test-classes;H:\基金直销系统\MessageNotificationMicroservice\target\classes;H:\soft\repository\com\alibaba\cloud\spring-cloud-starter-alibaba-nacos-discovery\2022.0.0.0-RC1\spring-cloud-starter-alibaba-nacos-discovery-2022.0.0.0-RC1.jar;H:\soft\repository\com\alibaba\cloud\spring-cloud-alibaba-commons\2022.0.0.0-RC1\spring-cloud-alibaba-commons-2022.0.0.0-RC1.jar;H:\soft\repository\com\alibaba\nacos\nacos-client\2.2.1-RC\nacos-client-2.2.1-RC.jar;H:\soft\repository\com\alibaba\nacos\nacos-auth-plugin\2.2.1-RC\nacos-auth-plugin-2.2.1-RC.jar;H:\soft\repository\com\alibaba\nacos\nacos-encryption-plugin\2.2.1-RC\nacos-encryption-plugin-2.2.1-RC.jar;H:\soft\repository\commons-codec\commons-codec\1.16.0\commons-codec-1.16.0.jar;H:\soft\repository\com\fasterxml\jackson\core\jackson-core\2.15.3\jackson-core-2.15.3.jar;H:\soft\repository\com\fasterxml\jackson\core\jackson-databind\2.15.3\jackson-databind-2.15.3.jar;H:\soft\repository\com\fasterxml\jackson\core\jackson-annotations\2.15.3\jackson-annotations-2.15.3.jar;H:\soft\repository\org\apache\httpcomponents\httpasyncclient\4.1.5\httpasyncclient-4.1.5.jar;H:\soft\repository\org\apache\httpcomponents\httpcore\4.4.16\httpcore-4.4.16.jar;H:\soft\repository\org\apache\httpcomponents\httpcore-nio\4.4.16\httpcore-nio-4.4.16.jar;H:\soft\repository\org\apache\httpcomponents\httpclient\4.5.13\httpclient-4.5.13.jar;H:\soft\repository\io\prometheus\simpleclient\0.16.0\simpleclient-0.16.0.jar;H:\soft\repository\io\prometheus\simpleclient_tracer_otel\0.16.0\simpleclient_tracer_otel-0.16.0.jar;H:\soft\repository\io\prometheus\simpleclient_tracer_common\0.16.0\simpleclient_tracer_common-0.16.0.jar;H:\soft\repository\io\prometheus\simpleclient_tracer_otel_agent\0.16.0\simpleclient_tracer_otel_agent-0.16.0.jar;H:\soft\repository\org\yaml\snakeyaml\2.2\snakeyaml-2.2.jar;H:\soft\repository\com\alibaba\spring\spring-context-support\1.0.11\spring-context-support-1.0.11.jar;H:\soft\repository\org\springframework\cloud\spring-cloud-commons\4.1.0\spring-cloud-commons-4.1.0.jar;H:\soft\repository\org\springframework\security\spring-security-crypto\6.2.1\spring-security-crypto-6.2.1.jar;H:\soft\repository\org\springframework\cloud\spring-cloud-context\4.1.0\spring-cloud-context-4.1.0.jar;H:\soft\repository\com\alibaba\csp\sentinel-core\1.8.6\sentinel-core-1.8.6.jar;H:\soft\repository\org\springframework\boot\spring-boot-starter-web\3.2.1\spring-boot-starter-web-3.2.1.jar;H:\soft\repository\org\springframework\boot\spring-boot-starter\3.2.1\spring-boot-starter-3.2.1.jar;H:\soft\repository\org\springframework\boot\spring-boot-starter-logging\3.2.1\spring-boot-starter-logging-3.2.1.jar;H:\soft\repository\ch\qos\logback\logback-classic\1.4.14\logback-classic-1.4.14.jar;H:\soft\repository\ch\qos\logback\logback-core\1.4.14\logback-core-1.4.14.jar;H:\soft\repository\org\apache\logging\log4j\log4j-to-slf4j\2.21.1\log4j-to-slf4j-2.21.1.jar;H:\soft\repository\org\apache\logging\log4j\log4j-api\2.21.1\log4j-api-2.21.1.jar;H:\soft\repository\org\slf4j\jul-to-slf4j\2.0.9\jul-to-slf4j-2.0.9.jar;H:\soft\repository\jakarta\annotation\jakarta.annotation-api\2.1.1\jakarta.annotation-api-2.1.1.jar;H:\soft\repository\org\springframework\boot\spring-boot-starter-json\3.2.1\spring-boot-starter-json-3.2.1.jar;H:\soft\repository\com\fasterxml\jackson\datatype\jackson-datatype-jdk8\2.15.3\jackson-datatype-jdk8-2.15.3.jar;H:\soft\repository\com\fasterxml\jackson\datatype\jackson-datatype-jsr310\2.15.3\jackson-datatype-jsr310-2.15.3.jar;H:\soft\repository\com\fasterxml\jackson\module\jackson-module-parameter-names\2.15.3\jackson-module-parameter-names-2.15.3.jar;H:\soft\repository\org\springframework\boot\spring-boot-starter-tomcat\3.2.1\spring-boot-starter-tomcat-3.2.1.jar;H:\soft\repository\org\apache\tomcat\embed\tomcat-embed-core\10.1.17\tomcat-embed-core-10.1.17.jar;H:\soft\repository\org\apache\tomcat\embed\tomcat-embed-el\10.1.17\tomcat-embed-el-10.1.17.jar;H:\soft\repository\org\apache\tomcat\embed\tomcat-embed-websocket\10.1.17\tomcat-embed-websocket-10.1.17.jar;H:\soft\repository\org\springframework\spring-web\6.1.2\spring-web-6.1.2.jar;H:\soft\repository\org\springframework\spring-beans\6.1.2\spring-beans-6.1.2.jar;H:\soft\repository\io\micrometer\micrometer-observation\1.12.1\micrometer-observation-1.12.1.jar;H:\soft\repository\io\micrometer\micrometer-commons\1.12.1\micrometer-commons-1.12.1.jar;H:\soft\repository\org\springframework\spring-webmvc\6.1.2\spring-webmvc-6.1.2.jar;H:\soft\repository\org\springframework\spring-aop\6.1.2\spring-aop-6.1.2.jar;H:\soft\repository\org\springframework\spring-context\6.1.2\spring-context-6.1.2.jar;H:\soft\repository\org\springframework\spring-expression\6.1.2\spring-expression-6.1.2.jar;H:\soft\repository\org\springframework\cloud\spring-cloud-starter-openfeign\4.1.0\spring-cloud-starter-openfeign-4.1.0.jar;H:\soft\repository\org\springframework\cloud\spring-cloud-starter\4.1.0\spring-cloud-starter-4.1.0.jar;H:\soft\repository\org\springframework\security\spring-security-rsa\1.1.1\spring-security-rsa-1.1.1.jar;H:\soft\repository\org\bouncycastle\bcprov-jdk18on\1.74\bcprov-jdk18on-1.74.jar;H:\soft\repository\org\springframework\cloud\spring-cloud-openfeign-core\4.1.0\spring-cloud-openfeign-core-4.1.0.jar;H:\soft\repository\org\springframework\boot\spring-boot-starter-aop\3.2.1\spring-boot-starter-aop-3.2.1.jar;H:\soft\repository\org\aspectj\aspectjweaver\1.9.21\aspectjweaver-1.9.21.jar;H:\soft\repository\io\github\openfeign\form\feign-form-spring\3.8.0\feign-form-spring-3.8.0.jar;H:\soft\repository\io\github\openfeign\form\feign-form\3.8.0\feign-form-3.8.0.jar;H:\soft\repository\commons-fileupload\commons-fileupload\1.5\commons-fileupload-1.5.jar;H:\soft\repository\commons-io\commons-io\2.11.0\commons-io-2.11.0.jar;H:\soft\repository\io\github\openfeign\feign-core\13.1\feign-core-13.1.jar;H:\soft\repository\io\github\openfeign\feign-slf4j\13.1\feign-slf4j-13.1.jar;H:\soft\repository\org\slf4j\slf4j-api\2.0.9\slf4j-api-2.0.9.jar;H:\soft\repository\org\springframework\boot\spring-boot-starter-mail\3.2.1\spring-boot-starter-mail-3.2.1.jar;H:\soft\repository\org\springframework\spring-context-support\6.1.2\spring-context-support-6.1.2.jar;H:\soft\repository\org\eclipse\angus\jakarta.mail\2.0.2\jakarta.mail-2.0.2.jar;H:\soft\repository\jakarta\activation\jakarta.activation-api\2.1.2\jakarta.activation-api-2.1.2.jar;H:\soft\repository\org\eclipse\angus\angus-activation\2.0.1\angus-activation-2.0.1.jar;H:\soft\repository\org\springframework\boot\spring-boot-devtools\3.2.1\spring-boot-devtools-3.2.1.jar;H:\soft\repository\org\springframework\boot\spring-boot\3.2.1\spring-boot-3.2.1.jar;H:\soft\repository\org\springframework\boot\spring-boot-autoconfigure\3.2.1\spring-boot-autoconfigure-3.2.1.jar;H:\soft\repository\org\springframework\boot\spring-boot-starter-test\3.2.1\spring-boot-starter-test-3.2.1.jar;H:\soft\repository\org\springframework\boot\spring-boot-test\3.2.1\spring-boot-test-3.2.1.jar;H:\soft\repository\org\springframework\boot\spring-boot-test-autoconfigure\3.2.1\spring-boot-test-autoconfigure-3.2.1.jar;H:\soft\repository\com\jayway\jsonpath\json-path\2.8.0\json-path-2.8.0.jar;H:\soft\repository\jakarta\xml\bind\jakarta.xml.bind-api\4.0.1\jakarta.xml.bind-api-4.0.1.jar;H:\soft\repository\net\minidev\json-smart\2.5.0\json-smart-2.5.0.jar;H:\soft\repository\net\minidev\accessors-smart\2.5.0\accessors-smart-2.5.0.jar;H:\soft\repository\org\ow2\asm\asm\9.3\asm-9.3.jar;H:\soft\repository\org\assertj\assertj-core\3.24.2\assertj-core-3.24.2.jar;H:\soft\repository\net\bytebuddy\byte-buddy\1.14.10\byte-buddy-1.14.10.jar;H:\soft\repository\org\awaitility\awaitility\4.2.0\awaitility-4.2.0.jar;H:\soft\repository\org\hamcrest\hamcrest\2.2\hamcrest-2.2.jar;H:\soft\repository\org\junit\jupiter\junit-jupiter\5.10.1\junit-jupiter-5.10.1.jar;H:\soft\repository\org\junit\jupiter\junit-jupiter-api\5.10.1\junit-jupiter-api-5.10.1.jar;H:\soft\repository\org\opentest4j\opentest4j\1.3.0\opentest4j-1.3.0.jar;H:\soft\repository\org\junit\platform\junit-platform-commons\1.10.1\junit-platform-commons-1.10.1.jar;H:\soft\repository\org\apiguardian\apiguardian-api\1.1.2\apiguardian-api-1.1.2.jar;H:\soft\repository\org\junit\jupiter\junit-jupiter-params\5.10.1\junit-jupiter-params-5.10.1.jar;H:\soft\repository\org\junit\jupiter\junit-jupiter-engine\5.10.1\junit-jupiter-engine-5.10.1.jar;H:\soft\repository\org\junit\platform\junit-platform-engine\1.10.1\junit-platform-engine-1.10.1.jar;H:\soft\repository\org\mockito\mockito-core\5.7.0\mockito-core-5.7.0.jar;H:\soft\repository\net\bytebuddy\byte-buddy-agent\1.14.10\byte-buddy-agent-1.14.10.jar;H:\soft\repository\org\objenesis\objenesis\3.3\objenesis-3.3.jar;H:\soft\repository\org\mockito\mockito-junit-jupiter\5.7.0\mockito-junit-jupiter-5.7.0.jar;H:\soft\repository\org\skyscreamer\jsonassert\1.5.1\jsonassert-1.5.1.jar;H:\soft\repository\com\vaadin\external\google\android-json\0.0.20131108.vaadin1\android-json-0.0.20131108.vaadin1.jar;H:\soft\repository\org\springframework\spring-core\6.1.2\spring-core-6.1.2.jar;H:\soft\repository\org\springframework\spring-jcl\6.1.2\spring-jcl-6.1.2.jar;H:\soft\repository\org\springframework\spring-test\6.1.2\spring-test-6.1.2.jar;H:\soft\repository\org\xmlunit\xmlunit-core\2.9.1\xmlunit-core-2.9.1.jar;H:\soft\repository\org\springframework\cloud\spring-cloud-loadbalancer\4.1.0\spring-cloud-loadbalancer-4.1.0.jar;H:\soft\repository\io\projectreactor\reactor-core\3.6.1\reactor-core-3.6.1.jar;H:\soft\repository\org\reactivestreams\reactive-streams\1.0.4\reactive-streams-1.0.4.jar;H:\soft\repository\io\projectreactor\addons\reactor-extra\3.5.1\reactor-extra-3.5.1.jar;"/>
    <property name="java.vm.vendor" value="Oracle Corporation"/>
    <property name="sun.arch.data.model" value="64"/>
    <property name="user.variant" value=""/>
    <property name="java.vendor.url" value="https://java.oracle.com/"/>
    <property name="user.timezone" value="Asia/Shanghai"/>
    <property name="os.name" value="Windows 10"/>
    <property name="java.vm.specification.version" value="19"/>
    <property name="sun.java.launcher" value="SUN_STANDARD"/>
    <property name="user.country" value="CN"/>
    <property name="sun.boot.library.path" value="C:\Users\24781\.jdks\openjdk-19.0.1\bin"/>
    <property name="sun.java.command" value="C:\Users\24781\AppData\Local\Temp\surefire14742253394775140830\surefirebooter-20231228235245257_3.jar C:\Users\24781\AppData\Local\Temp\surefire14742253394775140830 2023-12-28T23-52-45_151-jvmRun1 surefire-20231228235245257_1tmp surefire_0-20231228235245257_2tmp"/>
    <property name="jdk.debug" value="release"/>
    <property name="surefire.test.class.path" value="H:\基金直销系统\MessageNotificationMicroservice\target\test-classes;H:\基金直销系统\MessageNotificationMicroservice\target\classes;H:\soft\repository\com\alibaba\cloud\spring-cloud-starter-alibaba-nacos-discovery\2022.0.0.0-RC1\spring-cloud-starter-alibaba-nacos-discovery-2022.0.0.0-RC1.jar;H:\soft\repository\com\alibaba\cloud\spring-cloud-alibaba-commons\2022.0.0.0-RC1\spring-cloud-alibaba-commons-2022.0.0.0-RC1.jar;H:\soft\repository\com\alibaba\nacos\nacos-client\2.2.1-RC\nacos-client-2.2.1-RC.jar;H:\soft\repository\com\alibaba\nacos\nacos-auth-plugin\2.2.1-RC\nacos-auth-plugin-2.2.1-RC.jar;H:\soft\repository\com\alibaba\nacos\nacos-encryption-plugin\2.2.1-RC\nacos-encryption-plugin-2.2.1-RC.jar;H:\soft\repository\commons-codec\commons-codec\1.16.0\commons-codec-1.16.0.jar;H:\soft\repository\com\fasterxml\jackson\core\jackson-core\2.15.3\jackson-core-2.15.3.jar;H:\soft\repository\com\fasterxml\jackson\core\jackson-databind\2.15.3\jackson-databind-2.15.3.jar;H:\soft\repository\com\fasterxml\jackson\core\jackson-annotations\2.15.3\jackson-annotations-2.15.3.jar;H:\soft\repository\org\apache\httpcomponents\httpasyncclient\4.1.5\httpasyncclient-4.1.5.jar;H:\soft\repository\org\apache\httpcomponents\httpcore\4.4.16\httpcore-4.4.16.jar;H:\soft\repository\org\apache\httpcomponents\httpcore-nio\4.4.16\httpcore-nio-4.4.16.jar;H:\soft\repository\org\apache\httpcomponents\httpclient\4.5.13\httpclient-4.5.13.jar;H:\soft\repository\io\prometheus\simpleclient\0.16.0\simpleclient-0.16.0.jar;H:\soft\repository\io\prometheus\simpleclient_tracer_otel\0.16.0\simpleclient_tracer_otel-0.16.0.jar;H:\soft\repository\io\prometheus\simpleclient_tracer_common\0.16.0\simpleclient_tracer_common-0.16.0.jar;H:\soft\repository\io\prometheus\simpleclient_tracer_otel_agent\0.16.0\simpleclient_tracer_otel_agent-0.16.0.jar;H:\soft\repository\org\yaml\snakeyaml\2.2\snakeyaml-2.2.jar;H:\soft\repository\com\alibaba\spring\spring-context-support\1.0.11\spring-context-support-1.0.11.jar;H:\soft\repository\org\springframework\cloud\spring-cloud-commons\4.1.0\spring-cloud-commons-4.1.0.jar;H:\soft\repository\org\springframework\security\spring-security-crypto\6.2.1\spring-security-crypto-6.2.1.jar;H:\soft\repository\org\springframework\cloud\spring-cloud-context\4.1.0\spring-cloud-context-4.1.0.jar;H:\soft\repository\com\alibaba\csp\sentinel-core\1.8.6\sentinel-core-1.8.6.jar;H:\soft\repository\org\springframework\boot\spring-boot-starter-web\3.2.1\spring-boot-starter-web-3.2.1.jar;H:\soft\repository\org\springframework\boot\spring-boot-starter\3.2.1\spring-boot-starter-3.2.1.jar;H:\soft\repository\org\springframework\boot\spring-boot-starter-logging\3.2.1\spring-boot-starter-logging-3.2.1.jar;H:\soft\repository\ch\qos\logback\logback-classic\1.4.14\logback-classic-1.4.14.jar;H:\soft\repository\ch\qos\logback\logback-core\1.4.14\logback-core-1.4.14.jar;H:\soft\repository\org\apache\logging\log4j\log4j-to-slf4j\2.21.1\log4j-to-slf4j-2.21.1.jar;H:\soft\repository\org\apache\logging\log4j\log4j-api\2.21.1\log4j-api-2.21.1.jar;H:\soft\repository\org\slf4j\jul-to-slf4j\2.0.9\jul-to-slf4j-2.0.9.jar;H:\soft\repository\jakarta\annotation\jakarta.annotation-api\2.1.1\jakarta.annotation-api-2.1.1.jar;H:\soft\repository\org\springframework\boot\spring-boot-starter-json\3.2.1\spring-boot-starter-json-3.2.1.jar;H:\soft\repository\com\fasterxml\jackson\datatype\jackson-datatype-jdk8\2.15.3\jackson-datatype-jdk8-2.15.3.jar;H:\soft\repository\com\fasterxml\jackson\datatype\jackson-datatype-jsr310\2.15.3\jackson-datatype-jsr310-2.15.3.jar;H:\soft\repository\com\fasterxml\jackson\module\jackson-module-parameter-names\2.15.3\jackson-module-parameter-names-2.15.3.jar;H:\soft\repository\org\springframework\boot\spring-boot-starter-tomcat\3.2.1\spring-boot-starter-tomcat-3.2.1.jar;H:\soft\repository\org\apache\tomcat\embed\tomcat-embed-core\10.1.17\tomcat-embed-core-10.1.17.jar;H:\soft\repository\org\apache\tomcat\embed\tomcat-embed-el\10.1.17\tomcat-embed-el-10.1.17.jar;H:\soft\repository\org\apache\tomcat\embed\tomcat-embed-websocket\10.1.17\tomcat-embed-websocket-10.1.17.jar;H:\soft\repository\org\springframework\spring-web\6.1.2\spring-web-6.1.2.jar;H:\soft\repository\org\springframework\spring-beans\6.1.2\spring-beans-6.1.2.jar;H:\soft\repository\io\micrometer\micrometer-observation\1.12.1\micrometer-observation-1.12.1.jar;H:\soft\repository\io\micrometer\micrometer-commons\1.12.1\micrometer-commons-1.12.1.jar;H:\soft\repository\org\springframework\spring-webmvc\6.1.2\spring-webmvc-6.1.2.jar;H:\soft\repository\org\springframework\spring-aop\6.1.2\spring-aop-6.1.2.jar;H:\soft\repository\org\springframework\spring-context\6.1.2\spring-context-6.1.2.jar;H:\soft\repository\org\springframework\spring-expression\6.1.2\spring-expression-6.1.2.jar;H:\soft\repository\org\springframework\cloud\spring-cloud-starter-openfeign\4.1.0\spring-cloud-starter-openfeign-4.1.0.jar;H:\soft\repository\org\springframework\cloud\spring-cloud-starter\4.1.0\spring-cloud-starter-4.1.0.jar;H:\soft\repository\org\springframework\security\spring-security-rsa\1.1.1\spring-security-rsa-1.1.1.jar;H:\soft\repository\org\bouncycastle\bcprov-jdk18on\1.74\bcprov-jdk18on-1.74.jar;H:\soft\repository\org\springframework\cloud\spring-cloud-openfeign-core\4.1.0\spring-cloud-openfeign-core-4.1.0.jar;H:\soft\repository\org\springframework\boot\spring-boot-starter-aop\3.2.1\spring-boot-starter-aop-3.2.1.jar;H:\soft\repository\org\aspectj\aspectjweaver\1.9.21\aspectjweaver-1.9.21.jar;H:\soft\repository\io\github\openfeign\form\feign-form-spring\3.8.0\feign-form-spring-3.8.0.jar;H:\soft\repository\io\github\openfeign\form\feign-form\3.8.0\feign-form-3.8.0.jar;H:\soft\repository\commons-fileupload\commons-fileupload\1.5\commons-fileupload-1.5.jar;H:\soft\repository\commons-io\commons-io\2.11.0\commons-io-2.11.0.jar;H:\soft\repository\io\github\openfeign\feign-core\13.1\feign-core-13.1.jar;H:\soft\repository\io\github\openfeign\feign-slf4j\13.1\feign-slf4j-13.1.jar;H:\soft\repository\org\slf4j\slf4j-api\2.0.9\slf4j-api-2.0.9.jar;H:\soft\repository\org\springframework\boot\spring-boot-starter-mail\3.2.1\spring-boot-starter-mail-3.2.1.jar;H:\soft\repository\org\springframework\spring-context-support\6.1.2\spring-context-support-6.1.2.jar;H:\soft\repository\org\eclipse\angus\jakarta.mail\2.0.2\jakarta.mail-2.0.2.jar;H:\soft\repository\jakarta\activation\jakarta.activation-api\2.1.2\jakarta.activation-api-2.1.2.jar;H:\soft\repository\org\eclipse\angus\angus-activation\2.0.1\angus-activation-2.0.1.jar;H:\soft\repository\org\springframework\boot\spring-boot-devtools\3.2.1\spring-boot-devtools-3.2.1.jar;H:\soft\repository\org\springframework\boot\spring-boot\3.2.1\spring-boot-3.2.1.jar;H:\soft\repository\org\springframework\boot\spring-boot-autoconfigure\3.2.1\spring-boot-autoconfigure-3.2.1.jar;H:\soft\repository\org\springframework\boot\spring-boot-starter-test\3.2.1\spring-boot-starter-test-3.2.1.jar;H:\soft\repository\org\springframework\boot\spring-boot-test\3.2.1\spring-boot-test-3.2.1.jar;H:\soft\repository\org\springframework\boot\spring-boot-test-autoconfigure\3.2.1\spring-boot-test-autoconfigure-3.2.1.jar;H:\soft\repository\com\jayway\jsonpath\json-path\2.8.0\json-path-2.8.0.jar;H:\soft\repository\jakarta\xml\bind\jakarta.xml.bind-api\4.0.1\jakarta.xml.bind-api-4.0.1.jar;H:\soft\repository\net\minidev\json-smart\2.5.0\json-smart-2.5.0.jar;H:\soft\repository\net\minidev\accessors-smart\2.5.0\accessors-smart-2.5.0.jar;H:\soft\repository\org\ow2\asm\asm\9.3\asm-9.3.jar;H:\soft\repository\org\assertj\assertj-core\3.24.2\assertj-core-3.24.2.jar;H:\soft\repository\net\bytebuddy\byte-buddy\1.14.10\byte-buddy-1.14.10.jar;H:\soft\repository\org\awaitility\awaitility\4.2.0\awaitility-4.2.0.jar;H:\soft\repository\org\hamcrest\hamcrest\2.2\hamcrest-2.2.jar;H:\soft\repository\org\junit\jupiter\junit-jupiter\5.10.1\junit-jupiter-5.10.1.jar;H:\soft\repository\org\junit\jupiter\junit-jupiter-api\5.10.1\junit-jupiter-api-5.10.1.jar;H:\soft\repository\org\opentest4j\opentest4j\1.3.0\opentest4j-1.3.0.jar;H:\soft\repository\org\junit\platform\junit-platform-commons\1.10.1\junit-platform-commons-1.10.1.jar;H:\soft\repository\org\apiguardian\apiguardian-api\1.1.2\apiguardian-api-1.1.2.jar;H:\soft\repository\org\junit\jupiter\junit-jupiter-params\5.10.1\junit-jupiter-params-5.10.1.jar;H:\soft\repository\org\junit\jupiter\junit-jupiter-engine\5.10.1\junit-jupiter-engine-5.10.1.jar;H:\soft\repository\org\junit\platform\junit-platform-engine\1.10.1\junit-platform-engine-1.10.1.jar;H:\soft\repository\org\mockito\mockito-core\5.7.0\mockito-core-5.7.0.jar;H:\soft\repository\net\bytebuddy\byte-buddy-agent\1.14.10\byte-buddy-agent-1.14.10.jar;H:\soft\repository\org\objenesis\objenesis\3.3\objenesis-3.3.jar;H:\soft\repository\org\mockito\mockito-junit-jupiter\5.7.0\mockito-junit-jupiter-5.7.0.jar;H:\soft\repository\org\skyscreamer\jsonassert\1.5.1\jsonassert-1.5.1.jar;H:\soft\repository\com\vaadin\external\google\android-json\0.0.20131108.vaadin1\android-json-0.0.20131108.vaadin1.jar;H:\soft\repository\org\springframework\spring-core\6.1.2\spring-core-6.1.2.jar;H:\soft\repository\org\springframework\spring-jcl\6.1.2\spring-jcl-6.1.2.jar;H:\soft\repository\org\springframework\spring-test\6.1.2\spring-test-6.1.2.jar;H:\soft\repository\org\xmlunit\xmlunit-core\2.9.1\xmlunit-core-2.9.1.jar;H:\soft\repository\org\springframework\cloud\spring-cloud-loadbalancer\4.1.0\spring-cloud-loadbalancer-4.1.0.jar;H:\soft\repository\io\projectreactor\reactor-core\3.6.1\reactor-core-3.6.1.jar;H:\soft\repository\org\reactivestreams\reactive-streams\1.0.4\reactive-streams-1.0.4.jar;H:\soft\repository\io\projectreactor\addons\reactor-extra\3.5.1\reactor-extra-3.5.1.jar;"/>
    <property name="sun.cpu.endian" value="little"/>
    <property name="user.home" value="C:\Users\24781"/>
    <property name="user.language" value="zh"/>
    <property name="java.specification.vendor" value="Oracle Corporation"/>
    <property name="java.version.date" value="2022-10-18"/>
    <property name="java.home" value="C:\Users\24781\.jdks\openjdk-19.0.1"/>
    <property name="file.separator" value="\"/>
    <property name="basedir" value="H:\基金直销系统\MessageNotificationMicroservice"/>
    <property name="java.vm.compressedOopsMode" value="Zero based"/>
    <property name="line.separator" value="&#10;"/>
    <property name="java.vm.specification.vendor" value="Oracle Corporation"/>
    <property name="java.specification.name" value="Java Platform API Specification"/>
    <property name="FILE_LOG_CHARSET" value="UTF-8"/>
    <property name="java.awt.headless" value="true"/>
    <property name="surefire.real.class.path" value="C:\Users\24781\AppData\Local\Temp\surefire14742253394775140830\surefirebooter-20231228235245257_3.jar"/>
    <property name="user.script" value=""/>
    <property name="sun.management.compiler" value="HotSpot 64-Bit Tiered Compilers"/>
    <property name="java.runtime.version" value="19.0.1+10-21"/>
    <property name="user.name" value="COLIN"/>
    <property name="stdout.encoding" value="GBK"/>
    <property name="path.separator" value=";"/>
    <property name="os.version" value="10.0"/>
    <property name="java.runtime.name" value="OpenJDK Runtime Environment"/>
    <property name="file.encoding" value="UTF-8"/>
    <property name="java.vm.name" value="OpenJDK 64-Bit Server VM"/>
    <property name="localRepository" value="H:\soft\repository"/>
    <property name="java.vendor.url.bug" value="https://bugreport.java.com/bugreport/"/>
    <property name="java.io.tmpdir" value="C:\Users\24781\AppData\Local\Temp\"/>
    <property name="idea.version" value="2023.1.5"/>
    <property name="java.version" value="19.0.1"/>
    <property name="user.dir" value="H:\基金直销系统\MessageNotificationMicroservice"/>
    <property name="os.arch" value="amd64"/>
    <property name="java.vm.specification.name" value="Java Virtual Machine Specification"/>
    <property name="PID" value="13980"/>
    <property name="sun.os.patch.level" value=""/>
    <property name="CONSOLE_LOG_CHARSET" value="UTF-8"/>
    <property name="native.encoding" value="GBK"/>
    <property name="java.library.path" value="C:\Users\24781\.jdks\openjdk-19.0.1\bin;C:\WINDOWS\Sun\Java\bin;C:\WINDOWS\system32;C:\WINDOWS;H:\vmware\bin\;C:\Program Files\Java\jdk1.8.0_181\bin;C:\WINDOWS\system32;C:\WINDOWS;C:\WINDOWS\System32\Wbem;C:\WINDOWS\System32\WindowsPowerShell\v1.0\;C:\WINDOWS\System32\OpenSSH\;C:\Program Files (x86)\Microsoft Visual Studio\2019\Community\VC\Tools\MSVC\14.29.30133\bin\Hostx64\x64;C:\Program Files\CMake\bin;C:\Program Files\Microsoft VS Code\bin;C:\Program Files\Git\cmd;C:\TDM-GCC-64\bin;C:\Python27;C:\Python27\Scripts;C:\Users\24781\Downloads\cocos2d-x-4.0\cocos2d-x-4.0\tools\cocos2d-console\bin;C:\Program Files\dotnet\;C:\Program Files\Java\jdk-20\bin;C:\Users\24781\AppData\Roaming\nvm;C:\Program Files\nodejs;C:\Strawberry\c\bin;C:\Strawberry\perl\site\bin;C:\Strawberry\perl\bin;C:\Program Files\opencv\build\x64\vc16\bin;C:\Program Files\nodejs\;C:\Users\24781\AppData\Roaming\npm;C:\Program Files\MySQL\MySQL Shell 8.0\bin;C:\Program Files\MySQL\MySQL Server 8.0\bin;H:\soft\apache-maven-3.6.1-bin\apache-maven-3.6.1\bin;C:\Program Files\Microsoft SQL Server\150\Tools\Binn\;C:\Program Files\Microsoft SQL Server\Client SDK\ODBC\170\Tools\Binn\;C:\Program Files\R\R-4.3.1\bin\x64;C:\Users\24781\AppData\Local\Programs\Python\Python310\Scripts\;C:\Users\24781\AppData\Local\Programs\Python\Python310\;C:\Users\24781\AppData\Local\Programs\Python\Python37-32\Scripts\;C:\Users\24781\AppData\Local\Programs\Python\Python37-32\;C:\texlive\2023\bin\windows;C:\Program Files\MySQL\MySQL Shell 8.0\bin\;C:\Program Files\JetBrains\IntelliJ IDEA Community Edition 2023.1.5\bin;;C:\Program Files\JetBrains\IntelliJ IDEA 2023.1.5\bin;;C:\Users\24781\.dotnet\tools;C:\Users\24781\AppData\Local\Programs\MiKTeX\miktex\bin\x64\;;."/>
    <property name="java.vm.info" value="mixed mode, sharing"/>
    <property name="stderr.encoding" value="GBK"/>
    <property name="java.vendor" value="Oracle Corporation"/>
    <property name="java.vm.version" value="19.0.1+10-21"/>
    <property name="sun.io.unicode.encoding" value="UnicodeLittle"/>
    <property name="java.class.version" value="63.0"/>
    <property name="LOGGED_APPLICATION_NAME" value="[MessageNotificationMicroservice] "/>
  </properties>
  <testcase name="contextLoads" classname="com.example.messagenotificationmicroservice.MessageNotificationMicroserviceApplicationTests" time="0.831">
    <system-out><![CDATA[23:52:46.024 [main] INFO org.springframework.test.context.support.AnnotationConfigContextLoaderUtils -- Could not detect default configuration classes for test class [com.example.messagenotificationmicroservice.MessageNotificationMicroserviceApplicationTests]: MessageNotificationMicroserviceApplicationTests does not declare any static, non-private, non-final, nested classes annotated with @Configuration.
23:52:46.117 [main] INFO org.springframework.boot.test.context.SpringBootTestContextBootstrapper -- Found @SpringBootConfiguration com.example.messagenotificationmicroservice.MessageNotificationMicroserviceApplication for test class com.example.messagenotificationmicroservice.MessageNotificationMicroserviceApplicationTests
23:52:46.267 [main] INFO org.springframework.boot.devtools.restart.RestartApplicationListener -- Restart disabled due to context in which it is running
2023-12-28T23:52:47.966+08:00  INFO 13980 --- [MessageNotificationMicroservice] [           main] c.a.n.client.env.SearchableProperties    : properties search order:PROPERTIES->JVM->ENV->DEFAULT_SETTING
2023-12-28T23:52:47.967+08:00  WARN 13980 --- [MessageNotificationMicroservice] [           main] c.a.nacos.client.logging.NacosLogging    : Load Logback Configuration of Nacos fail, message: org/slf4j/impl/StaticLoggerBinder

  .   ____          _            __ _ _
 /\\ / ___'_ __ _ _(_)_ __  __ _ \ \ \ \
( ( )\___ | '_ | '_| | '_ \/ _` | \ \ \ \
 \\/  ___)| |_)| | | | | || (_| |  ) ) ) )
  '  |____| .__|_| |_|_| |_\__, | / / / /
 =========|_|==============|___/=/_/_/_/
 :: Spring Boot ::                (v3.2.1)

2023-12-28T23:52:48.025+08:00  INFO 13980 --- [MessageNotificationMicroservice] [           main] NotificationMicroserviceApplicationTests : Starting MessageNotificationMicroserviceApplicationTests using Java 19.0.1 with PID 13980 (started by COLIN in H:\基金直销系统\MessageNotificationMicroservice)
2023-12-28T23:52:48.026+08:00  INFO 13980 --- [MessageNotificationMicroservice] [           main] NotificationMicroserviceApplicationTests : No active profile set, falling back to 1 default profile: "default"
2023-12-28T23:52:48.897+08:00  INFO 13980 --- [MessageNotificationMicroservice] [           main] o.s.cloud.context.scope.GenericScope     : BeanFactory id=c2b7d985-dca2-38e0-9619-1112f6147e09
2023-12-28T23:52:48.971+08:00  WARN 13980 --- [MessageNotificationMicroservice] [           main] trationDelegate$BeanPostProcessorChecker : Bean 'org.springframework.cloud.client.loadbalancer.LoadBalancerAutoConfiguration$LoadBalancerInterceptorConfig' of type [org.springframework.cloud.client.loadbalancer.LoadBalancerAutoConfiguration$LoadBalancerInterceptorConfig] is not eligible for getting processed by all BeanPostProcessors (for example: not eligible for auto-proxying). The currently created BeanPostProcessor [lbRestClientPostProcessor] is declared through a non-static factory method on that class; consider declaring it as static instead.
2023-12-28T23:52:48.973+08:00  WARN 13980 --- [MessageNotificationMicroservice] [           main] trationDelegate$BeanPostProcessorChecker : Bean 'org.springframework.cloud.loadbalancer.config.BlockingLoadBalancerClientAutoConfiguration' of type [org.springframework.cloud.loadbalancer.config.BlockingLoadBalancerClientAutoConfiguration] is not eligible for getting processed by all BeanPostProcessors (for example: not eligible for auto-proxying). Is this bean getting eagerly injected into a currently created BeanPostProcessor [lbRestClientPostProcessor]? Check the corresponding BeanPostProcessor declaration and its dependencies.
2023-12-28T23:52:48.974+08:00  WARN 13980 --- [MessageNotificationMicroservice] [           main] trationDelegate$BeanPostProcessorChecker : Bean 'org.springframework.cloud.loadbalancer.config.LoadBalancerAutoConfiguration' of type [org.springframework.cloud.loadbalancer.config.LoadBalancerAutoConfiguration] is not eligible for getting processed by all BeanPostProcessors (for example: not eligible for auto-proxying). Is this bean getting eagerly injected into a currently created BeanPostProcessor [lbRestClientPostProcessor]? Check the corresponding BeanPostProcessor declaration and its dependencies.
2023-12-28T23:52:48.981+08:00  WARN 13980 --- [MessageNotificationMicroservice] [           main] trationDelegate$BeanPostProcessorChecker : Bean 'org.springframework.cloud.commons.config.CommonsConfigAutoConfiguration' of type [org.springframework.cloud.commons.config.CommonsConfigAutoConfiguration] is not eligible for getting processed by all BeanPostProcessors (for example: not eligible for auto-proxying). Is this bean getting eagerly injected into a currently created BeanPostProcessor [lbRestClientPostProcessor]? Check the corresponding BeanPostProcessor declaration and its dependencies.
2023-12-28T23:52:48.982+08:00  WARN 13980 --- [MessageNotificationMicroservice] [           main] trationDelegate$BeanPostProcessorChecker : Bean 'org.springframework.cloud.client.loadbalancer.LoadBalancerDefaultMappingsProviderAutoConfiguration' of type [org.springframework.cloud.client.loadbalancer.LoadBalancerDefaultMappingsProviderAutoConfiguration] is not eligible for getting processed by all BeanPostProcessors (for example: not eligible for auto-proxying). Is this bean getting eagerly injected into a currently created BeanPostProcessor [lbRestClientPostProcessor]? Check the corresponding BeanPostProcessor declaration and its dependencies.
2023-12-28T23:52:48.983+08:00  WARN 13980 --- [MessageNotificationMicroservice] [           main] trationDelegate$BeanPostProcessorChecker : Bean 'loadBalancerClientsDefaultsMappingsProvider' of type [org.springframework.cloud.client.loadbalancer.LoadBalancerDefaultMappingsProviderAutoConfiguration$$Lambda$847/0x0000000801392400] is not eligible for getting processed by all BeanPostProcessors (for example: not eligible for auto-proxying). Is this bean getting eagerly injected into a currently created BeanPostProcessor [lbRestClientPostProcessor]? Check the corresponding BeanPostProcessor declaration and its dependencies.
2023-12-28T23:52:48.985+08:00  WARN 13980 --- [MessageNotificationMicroservice] [           main] trationDelegate$BeanPostProcessorChecker : Bean 'defaultsBindHandlerAdvisor' of type [org.springframework.cloud.commons.config.DefaultsBindHandlerAdvisor] is not eligible for getting processed by all BeanPostProcessors (for example: not eligible for auto-proxying). Is this bean getting eagerly injected into a currently created BeanPostProcessor [lbRestClientPostProcessor]? Check the corresponding BeanPostProcessor declaration and its dependencies.
2023-12-28T23:52:48.991+08:00  WARN 13980 --- [MessageNotificationMicroservice] [           main] trationDelegate$BeanPostProcessorChecker : Bean 'spring.cloud.loadbalancer-org.springframework.cloud.client.loadbalancer.LoadBalancerClientsProperties' of type [org.springframework.cloud.client.loadbalancer.LoadBalancerClientsProperties] is not eligible for getting processed by all BeanPostProcessors (for example: not eligible for auto-proxying). Is this bean getting eagerly injected into a currently created BeanPostProcessor [lbRestClientPostProcessor]? Check the corresponding BeanPostProcessor declaration and its dependencies.
2023-12-28T23:52:49.000+08:00  WARN 13980 --- [MessageNotificationMicroservice] [           main] trationDelegate$BeanPostProcessorChecker : Bean 'default.org.springframework.cloud.loadbalancer.config.LoadBalancerAutoConfiguration.LoadBalancerClientSpecification' of type [org.springframework.cloud.loadbalancer.annotation.LoadBalancerClientSpecification] is not eligible for getting processed by all BeanPostProcessors (for example: not eligible for auto-proxying). Is this bean getting eagerly injected into a currently created BeanPostProcessor [lbRestClientPostProcessor]? Check the corresponding BeanPostProcessor declaration and its dependencies.
2023-12-28T23:52:49.001+08:00  WARN 13980 --- [MessageNotificationMicroservice] [           main] trationDelegate$BeanPostProcessorChecker : Bean 'default.org.springframework.cloud.loadbalancer.config.BlockingLoadBalancerClientAutoConfiguration.LoadBalancerClientSpecification' of type [org.springframework.cloud.loadbalancer.annotation.LoadBalancerClientSpecification] is not eligible for getting processed by all BeanPostProcessors (for example: not eligible for auto-proxying). Is this bean getting eagerly injected into a currently created BeanPostProcessor [lbRestClientPostProcessor]? Check the corresponding BeanPostProcessor declaration and its dependencies.
2023-12-28T23:52:49.002+08:00  WARN 13980 --- [MessageNotificationMicroservice] [           main] trationDelegate$BeanPostProcessorChecker : Bean 'loadBalancerClientFactory' of type [org.springframework.cloud.loadbalancer.support.LoadBalancerClientFactory] is not eligible for getting processed by all BeanPostProcessors (for example: not eligible for auto-proxying). Is this bean getting eagerly injected into a currently created BeanPostProcessor [lbRestClientPostProcessor]? Check the corresponding BeanPostProcessor declaration and its dependencies.
2023-12-28T23:52:49.005+08:00  WARN 13980 --- [MessageNotificationMicroservice] [           main] trationDelegate$BeanPostProcessorChecker : Bean 'blockingLoadBalancerClient' of type [org.springframework.cloud.loadbalancer.blocking.client.BlockingLoadBalancerClient] is not eligible for getting processed by all BeanPostProcessors (for example: not eligible for auto-proxying). Is this bean getting eagerly injected into a currently created BeanPostProcessor [lbRestClientPostProcessor]? Check the corresponding BeanPostProcessor declaration and its dependencies.
2023-12-28T23:52:49.009+08:00  WARN 13980 --- [MessageNotificationMicroservice] [           main] trationDelegate$BeanPostProcessorChecker : Bean 'loadBalancerServiceInstanceCookieTransformer' of type [org.springframework.cloud.loadbalancer.core.LoadBalancerServiceInstanceCookieTransformer] is not eligible for getting processed by all BeanPostProcessors (for example: not eligible for auto-proxying). Is this bean getting eagerly injected into a currently created BeanPostProcessor [lbRestClientPostProcessor]? Check the corresponding BeanPostProcessor declaration and its dependencies.
2023-12-28T23:52:49.010+08:00  WARN 13980 --- [MessageNotificationMicroservice] [           main] trationDelegate$BeanPostProcessorChecker : Bean 'xForwarderHeadersTransformer' of type [org.springframework.cloud.loadbalancer.blocking.XForwardedHeadersTransformer] is not eligible for getting processed by all BeanPostProcessors (for example: not eligible for auto-proxying). Is this bean getting eagerly injected into a currently created BeanPostProcessor [lbRestClientPostProcessor]? Check the corresponding BeanPostProcessor declaration and its dependencies.
2023-12-28T23:52:49.012+08:00  WARN 13980 --- [MessageNotificationMicroservice] [           main] trationDelegate$BeanPostProcessorChecker : Bean 'org.springframework.cloud.client.loadbalancer.LoadBalancerAutoConfiguration' of type [org.springframework.cloud.client.loadbalancer.LoadBalancerAutoConfiguration] is not eligible for getting processed by all BeanPostProcessors (for example: not eligible for auto-proxying). Is this bean getting eagerly injected into a currently created BeanPostProcessor [lbRestClientPostProcessor]? Check the corresponding BeanPostProcessor declaration and its dependencies.
2023-12-28T23:52:49.014+08:00  WARN 13980 --- [MessageNotificationMicroservice] [           main] trationDelegate$BeanPostProcessorChecker : Bean 'loadBalancerRequestFactory' of type [org.springframework.cloud.client.loadbalancer.LoadBalancerRequestFactory] is not eligible for getting processed by all BeanPostProcessors (for example: not eligible for auto-proxying). Is this bean getting eagerly injected into a currently created BeanPostProcessor [lbRestClientPostProcessor]? Check the corresponding BeanPostProcessor declaration and its dependencies.
2023-12-28T23:52:49.016+08:00  WARN 13980 --- [MessageNotificationMicroservice] [           main] trationDelegate$BeanPostProcessorChecker : Bean 'loadBalancerInterceptor' of type [org.springframework.cloud.client.loadbalancer.LoadBalancerInterceptor] is not eligible for getting processed by all BeanPostProcessors (for example: not eligible for auto-proxying). Is this bean getting eagerly injected into a currently created BeanPostProcessor [lbRestClientPostProcessor]? Check the corresponding BeanPostProcessor declaration and its dependencies.
INFO: Sentinel log output type is: file
INFO: Sentinel log charset is: utf-8
INFO: Sentinel log base directory is: C:\Users\24781\logs\csp\
INFO: Sentinel log name use pid is: false
INFO: Sentinel log level is: INFO
2023-12-28T23:52:50.001+08:00  WARN 13980 --- [MessageNotificationMicroservice] [           main] iguration$LoadBalancerCaffeineWarnLogger : Spring Cloud LoadBalancer is currently working with the default cache. While this cache implementation is useful for development and tests, it's recommended to use Caffeine cache in production.You can switch to using Caffeine cache, by adding it and org.springframework.cache.caffeine.CaffeineCacheManager to the classpath.
2023-12-28T23:52:50.048+08:00  INFO 13980 --- [MessageNotificationMicroservice] [           main] NotificationMicroserviceApplicationTests : Started MessageNotificationMicroserviceApplicationTests in 3.799 seconds (process running for 4.685)
]]></system-out>
  </testcase>
</testsuite>